<?xml version="1.0" encoding="UTF-8"?>
<testng-results ignored="0" total="1" passed="1" failed="0" skipped="0">
  <reporter-output>
  </reporter-output>
  <suite started-at="2025-08-26T18:59:39 IST" name="Default suite" finished-at="2025-08-26T18:59:50 IST" duration-ms="11052">
    <groups>
      <group name="cucumber">
        <method signature="AbstractTestNGCucumberTests.runScenario(io.cucumber.testng.PickleWrapper,io.cucumber.testng.FeatureWrapper)[pri:0, instance:runners.TestRunner@17a7f733]" name="runScenario" class="io.cucumber.testng.AbstractTestNGCucumberTests"/>
      </group> <!-- cucumber -->
    </groups>
    <test started-at="2025-08-26T18:59:39 IST" name="Default test" finished-at="2025-08-26T18:59:50 IST" duration-ms="11052">
      <class name="runners.TestRunner">
        <test-method is-config="true" signature="setUpClass(org.testng.ITestContext)[pri:0, instance:runners.TestRunner@17a7f733]" started-at="2025-08-26T18:59:39 IST" name="setUpClass" finished-at="2025-08-26T18:59:40 IST" duration-ms="1106" status="PASS">
          <params>
            <param index="0">
              <value>
                <![CDATA[org.testng.TestRunner@743c6ce4]]>
              </value>
            </param>
          </params>
          <reporter-output>
          </reporter-output>
        </test-method> <!-- setUpClass -->
        <test-method signature="runScenario(io.cucumber.testng.PickleWrapper,io.cucumber.testng.FeatureWrapper)[pri:0, instance:runners.TestRunner@17a7f733]" started-at="2025-08-26T18:59:40 IST" name="runScenario" description="Runs Cucumber Scenarios" data-provider="scenarios" finished-at="2025-08-26T18:59:49 IST" duration-ms="8949" status="PASS">
          <params>
            <param index="0">
              <value>
                <![CDATA["User fills out and submits the account form"]]>
              </value>
            </param>
            <param index="1">
              <value>
                <![CDATA["Open Savings Account Form Submission"]]>
              </value>
            </param>
          </params>
          <reporter-output>
          </reporter-output>
        </test-method> <!-- runScenario -->
        <test-method is-config="true" signature="tearDownClass()[pri:0, instance:runners.TestRunner@17a7f733]" started-at="2025-08-26T18:59:49 IST" name="tearDownClass" finished-at="2025-08-26T18:59:50 IST" duration-ms="918" status="PASS">
          <reporter-output>
          </reporter-output>
        </test-method> <!-- tearDownClass -->
      </class> <!-- runners.TestRunner -->
    </test> <!-- Default test -->
  </suite> <!-- Default suite -->
</testng-results>
